-------------------------------------------------------------------------------
Test set: org.testingworld.automation.testcase.TestRunner
-------------------------------------------------------------------------------
Tests run: 18, Failures: 2, Errors: 1, Skipped: 2, Time elapsed: 4.495 sec <<< FAILURE!
Given \"CTO\" file is available in MassPAY database(Scenario: Verify CTO Payments for abc flow)  Time elapsed: 0.012 sec  <<< FAILURE!
org.junit.ComparisonFailure: expected:<[CT]O> but was:<[DD]O>
	at org.junit.Assert.assertEquals(Assert.java:115)
	at org.junit.Assert.assertEquals(Assert.java:144)
	at managers.BuyerSteps.searches_for_items_containing(BuyerSteps.java:19)
	at stepDefination.SearchByKeywordStepDefinitions.file_is_available_in_MassPAY_database(SearchByKeywordStepDefinitions.java:69)
	at ?.Given "CTO" file is available in MassPAY database(MassPAY.feature:25)
Scenario: Verify CTO Payments for abc flow  Time elapsed: 0.013 sec  <<< FAILURE!
org.junit.ComparisonFailure: expected:<[CT]O> but was:<[DD]O>
	at org.junit.Assert.assertEquals(Assert.java:115)
	at org.junit.Assert.assertEquals(Assert.java:144)
	at managers.BuyerSteps.searches_for_items_containing(BuyerSteps.java:19)
	at stepDefination.SearchByKeywordStepDefinitions.file_is_available_in_MassPAY_database(SearchByKeywordStepDefinitions.java:69)
	at ?.Given "CTO" file is available in MassPAY database(MassPAY.feature:25)
org.testingworld.automation.testcase.TestRunner  Time elapsed: 0.467 sec  <<< ERROR!
java.lang.IllegalArgumentException: InputStream cannot be null
	at javax.xml.parsers.DocumentBuilder.parse(DocumentBuilder.java:117)
	at com.aventstack.extentreports.configuration.ConfigLoader.getConfigurationHash(ConfigLoader.java:64)
	at com.aventstack.extentreports.reporter.AbstractReporter.loadXMLConfig(AbstractReporter.java:64)
	at com.cucumber.listener.Reporter.loadXMLConfig(Reporter.java:56)
	at org.testingworld.automation.testcase.TestRunner.writeExtentReport(TestRunner.java:40)
	at sun.reflect.NativeMethodAccessorImpl.invoke0(Native Method)
	at sun.reflect.NativeMethodAccessorImpl.invoke(NativeMethodAccessorImpl.java:62)
	at sun.reflect.DelegatingMethodAccessorImpl.invoke(DelegatingMethodAccessorImpl.java:43)
	at java.lang.reflect.Method.invoke(Method.java:498)
	at org.junit.runners.model.FrameworkMethod$1.runReflectiveCall(FrameworkMethod.java:50)
	at org.junit.internal.runners.model.ReflectiveCallable.run(ReflectiveCallable.java:12)
	at org.junit.runners.model.FrameworkMethod.invokeExplosively(FrameworkMethod.java:47)
	at org.junit.internal.runners.statements.RunAfters.evaluate(RunAfters.java:33)
	at org.junit.runners.ParentRunner.run(ParentRunner.java:363)
	at cucumber.api.junit.Cucumber.run(Cucumber.java:100)
	at org.apache.maven.surefire.junit4.JUnit4TestSet.execute(JUnit4TestSet.java:53)
	at org.apache.maven.surefire.junit4.JUnit4Provider.executeTestSet(JUnit4Provider.java:123)
	at org.apache.maven.surefire.junit4.JUnit4Provider.invoke(JUnit4Provider.java:104)
	at sun.reflect.NativeMethodAccessorImpl.invoke0(Native Method)
	at sun.reflect.NativeMethodAccessorImpl.invoke(NativeMethodAccessorImpl.java:62)
	at sun.reflect.DelegatingMethodAccessorImpl.invoke(DelegatingMethodAccessorImpl.java:43)
	at java.lang.reflect.Method.invoke(Method.java:498)
	at org.apache.maven.surefire.util.ReflectionUtils.invokeMethodWithArray(ReflectionUtils.java:164)
	at org.apache.maven.surefire.booter.ProviderFactory$ProviderProxy.invoke(ProviderFactory.java:110)
	at org.apache.maven.surefire.booter.SurefireStarter.invokeProvider(SurefireStarter.java:175)
	at org.apache.maven.surefire.booter.SurefireStarter.runSuitesInProcessWhenForked(SurefireStarter.java:107)
	at org.apache.maven.surefire.booter.ForkedBooter.main(ForkedBooter.java:68)
