<?xml version="1.0" encoding="UTF-8" ?>
<testsuite tests="18" failures="2" name="org.testingworld.automation.testcase.TestRunner" time="4.536" errors="1" skipped="2">
  <properties>
[...]
</properties>
  <testcase classname="Scenario: Update and Inject Payments in channels" name="Given I want to update Payment File" time="0.001"/>
  <testcase classname="Scenario: Update and Inject Payments in channels" name="And I want to inject updated file in channel" time="0"/>
  <testcase classname="Scenario: Update and Inject Payments in channels" name="When I search for Payment in MassPAY database" time="0.001"/>
  <testcase classname="Scenario: Update and Inject Payments in channels" name="Then I should see related database entry" time="0.001"/>
  <testcase classname="Scenario: Update and Inject Payments in channels" name="Scenario: Update and Inject Payments in channels" time="0.003"/>
  <testcase classname="Scenario: Verify DDO Payments for abc flow" name="Given \&quot;DDO\&quot; file is available in MassPAY database" time="0"/>
  <testcase classname="Scenario: Verify DDO Payments for abc flow" name="When I perform deep validation for containg payments" time="0.001"/>
  <testcase classname="Scenario: Verify DDO Payments for abc flow" name="Then I should see valid database entry for respective payments" time="0"/>
  <testcase classname="Scenario: Verify DDO Payments for abc flow" name="Scenario: Verify DDO Payments for abc flow" time="0.002"/>
  <testcase classname="Scenario: Verify DDI Payments for abc flow" name="Given \&quot;DDO\&quot; file is available in MassPAY database" time="0"/>
  <testcase classname="Scenario: Verify DDI Payments for abc flow" name="When I perform deep validation for containg payments" time="0.004"/>
  <testcase classname="Scenario: Verify DDI Payments for abc flow" name="Then I should see valid database entry for respective payments" time="0"/>
  <testcase classname="Scenario: Verify DDI Payments for abc flow" name="Scenario: Verify DDI Payments for abc flow" time="0.002"/>
  <testcase classname="Scenario: Verify CTO Payments for abc flow" name="Given \&quot;CTO\&quot; file is available in MassPAY database" time="0.012">
    <failure message="expected:&lt;[CT]O&gt; but was:&lt;[DD]O&gt;" type="org.junit.ComparisonFailure">org.junit.ComparisonFailure: expected:&lt;[CT]O&gt; but was:&lt;[DD]O&gt;
	at org.junit.Assert.assertEquals(Assert.java:115)
	at org.junit.Assert.assertEquals(Assert.java:144)
	at managers.BuyerSteps.searches_for_items_containing(BuyerSteps.java:19)
	at stepDefination.SearchByKeywordStepDefinitions.file_is_available_in_MassPAY_database(SearchByKeywordStepDefinitions.java:69)
	at ✽.Given &quot;CTO&quot; file is available in MassPAY database(MassPAY.feature:25)
</failure>
    <system-out>CTO
</system-out>
  </testcase>
  <testcase classname="Scenario: Verify CTO Payments for abc flow" name="Scenario: Verify CTO Payments for abc flow" time="0.013">
    <failure message="expected:&lt;[CT]O&gt; but was:&lt;[DD]O&gt;" type="org.junit.ComparisonFailure">org.junit.ComparisonFailure: expected:&lt;[CT]O&gt; but was:&lt;[DD]O&gt;
	at org.junit.Assert.assertEquals(Assert.java:115)
	at org.junit.Assert.assertEquals(Assert.java:144)
	at managers.BuyerSteps.searches_for_items_containing(BuyerSteps.java:19)
	at stepDefination.SearchByKeywordStepDefinitions.file_is_available_in_MassPAY_database(SearchByKeywordStepDefinitions.java:69)
	at ✽.Given &quot;CTO&quot; file is available in MassPAY database(MassPAY.feature:25)
</failure>
  </testcase>
  <testcase classname="Scenario: Verify CTO Payments for abc flow" name="When I perform deep validation for containg payments" time="0.046">
    <skipped/>
  </testcase>
  <testcase classname="Scenario: Verify CTO Payments for abc flow" name="Then I should see valid database entry for respective payments" time="0.054">
    <skipped/>
  </testcase>
  <testcase classname="org.testingworld.automation.testcase.TestRunner" name="org.testingworld.automation.testcase.TestRunner" time="0.467">
    <error message="InputStream cannot be null" type="java.lang.IllegalArgumentException">java.lang.IllegalArgumentException: InputStream cannot be null
	at javax.xml.parsers.DocumentBuilder.parse(DocumentBuilder.java:117)
	at com.aventstack.extentreports.configuration.ConfigLoader.getConfigurationHash(ConfigLoader.java:64)
	at com.aventstack.extentreports.reporter.AbstractReporter.loadXMLConfig(AbstractReporter.java:64)
	at com.cucumber.listener.Reporter.loadXMLConfig(Reporter.java:56)
	at org.testingworld.automation.testcase.TestRunner.writeExtentReport(TestRunner.java:40)
	at sun.reflect.NativeMethodAccessorImpl.invoke0(Native Method)
	at sun.reflect.NativeMethodAccessorImpl.invoke(NativeMethodAccessorImpl.java:62)
	at sun.reflect.DelegatingMethodAccessorImpl.invoke(DelegatingMethodAccessorImpl.java:43)
	at java.lang.reflect.Method.invoke(Method.java:498)
	at org.junit.runners.model.FrameworkMethod$1.runReflectiveCall(FrameworkMethod.java:50)
	at org.junit.internal.runners.model.ReflectiveCallable.run(ReflectiveCallable.java:12)
	at org.junit.runners.model.FrameworkMethod.invokeExplosively(FrameworkMethod.java:47)
	at org.junit.internal.runners.statements.RunAfters.evaluate(RunAfters.java:33)
	at org.junit.runners.ParentRunner.run(ParentRunner.java:363)
	at cucumber.api.junit.Cucumber.run(Cucumber.java:100)
	at org.apache.maven.surefire.junit4.JUnit4TestSet.execute(JUnit4TestSet.java:53)
	at org.apache.maven.surefire.junit4.JUnit4Provider.executeTestSet(JUnit4Provider.java:123)
	at org.apache.maven.surefire.junit4.JUnit4Provider.invoke(JUnit4Provider.java:104)
	at sun.reflect.NativeMethodAccessorImpl.invoke0(Native Method)
	at sun.reflect.NativeMethodAccessorImpl.invoke(NativeMethodAccessorImpl.java:62)
	at sun.reflect.DelegatingMethodAccessorImpl.invoke(DelegatingMethodAccessorImpl.java:43)
	at java.lang.reflect.Method.invoke(Method.java:498)
	at org.apache.maven.surefire.util.ReflectionUtils.invokeMethodWithArray(ReflectionUtils.java:164)
	at org.apache.maven.surefire.booter.ProviderFactory$ProviderProxy.invoke(ProviderFactory.java:110)
	at org.apache.maven.surefire.booter.SurefireStarter.invokeProvider(SurefireStarter.java:175)
	at org.apache.maven.surefire.booter.SurefireStarter.runSuitesInProcessWhenForked(SurefireStarter.java:107)
	at org.apache.maven.surefire.booter.ForkedBooter.main(ForkedBooter.java:68)
</error>
    <system-err>Feb 18, 2018 11:25:19 PM com.aventstack.extentreports.configuration.ConfigLoader &lt;init&gt;
SEVERE: E:munnaeclipseBDDReportingsrc	estesourcesconfigConfiguration.properties
java.io.FileNotFoundException: E:munnaeclipseBDDReportingsrc	estesourcesconfigConfiguration.properties (The filename, directory name, or volume label syntax is incorrect)
	at java.io.FileInputStream.open0(Native Method)
	at java.io.FileInputStream.open(FileInputStream.java:195)
	at java.io.FileInputStream.&lt;init&gt;(FileInputStream.java:138)
	at com.aventstack.extentreports.configuration.ConfigLoader.&lt;init&gt;(ConfigLoader.java:49)
	at com.aventstack.extentreports.reporter.AbstractReporter.loadXMLConfig(AbstractReporter.java:64)
	at com.cucumber.listener.Reporter.loadXMLConfig(Reporter.java:56)
	at org.testingworld.automation.testcase.TestRunner.writeExtentReport(TestRunner.java:40)
	at sun.reflect.NativeMethodAccessorImpl.invoke0(Native Method)
	at sun.reflect.NativeMethodAccessorImpl.invoke(NativeMethodAccessorImpl.java:62)
	at sun.reflect.DelegatingMethodAccessorImpl.invoke(DelegatingMethodAccessorImpl.java:43)
	at java.lang.reflect.Method.invoke(Method.java:498)
	at org.junit.runners.model.FrameworkMethod$1.runReflectiveCall(FrameworkMethod.java:50)
	at org.junit.internal.runners.model.ReflectiveCallable.run(ReflectiveCallable.java:12)
	at org.junit.runners.model.FrameworkMethod.invokeExplosively(FrameworkMethod.java:47)
	at org.junit.internal.runners.statements.RunAfters.evaluate(RunAfters.java:33)
	at org.junit.runners.ParentRunner.run(ParentRunner.java:363)
	at cucumber.api.junit.Cucumber.run(Cucumber.java:100)
	at org.apache.maven.surefire.junit4.JUnit4TestSet.execute(JUnit4TestSet.java:53)
	at org.apache.maven.surefire.junit4.JUnit4Provider.executeTestSet(JUnit4Provider.java:123)
	at org.apache.maven.surefire.junit4.JUnit4Provider.invoke(JUnit4Provider.java:104)
	at sun.reflect.NativeMethodAccessorImpl.invoke0(Native Method)
	at sun.reflect.NativeMethodAccessorImpl.invoke(NativeMethodAccessorImpl.java:62)
	at sun.reflect.DelegatingMethodAccessorImpl.invoke(DelegatingMethodAccessorImpl.java:43)
	at java.lang.reflect.Method.invoke(Method.java:498)
	at org.apache.maven.surefire.util.ReflectionUtils.invokeMethodWithArray(ReflectionUtils.java:164)
	at org.apache.maven.surefire.booter.ProviderFactory$ProviderProxy.invoke(ProviderFactory.java:110)
	at org.apache.maven.surefire.booter.SurefireStarter.invokeProvider(SurefireStarter.java:175)
	at org.apache.maven.surefire.booter.SurefireStarter.runSuitesInProcessWhenForked(SurefireStarter.java:107)
	at org.apache.maven.surefire.booter.ForkedBooter.main(ForkedBooter.java:68)

</system-err>
  </testcase>
</testsuite>